0 info it worked if it ends with ok
1 verbose cli [ 'C:\\Program Files (x86)\\nodejs\\\\node.exe',
1 verbose cli   'C:\\Program Files (x86)\\nodejs\\node_modules\\npm\\bin\\npm-cli.js',
1 verbose cli   'unpublish',
1 verbose cli   'odyssey-client@1.0.0' ]
2 info using npm@1.4.28
3 info using node@v0.10.35
4 verbose node symlink C:\Program Files (x86)\nodejs\\node.exe
5 verbose request where is /odyssey-client?write=true
6 verbose request registry https://registry.npmjs.org/
7 verbose request id 9b5fc4f29eff1405
8 verbose url raw /odyssey-client?write=true
9 verbose url resolving [ 'https://registry.npmjs.org/', './odyssey-client?write=true' ]
10 verbose url resolved https://registry.npmjs.org/odyssey-client?write=true
11 verbose request where is https://registry.npmjs.org/odyssey-client?write=true
12 info trying registry request attempt 1 at 13:03:08
13 http GET https://registry.npmjs.org/odyssey-client?write=true
14 http 404 https://registry.npmjs.org/odyssey-client?write=true
15 silly registry.get cb [ 404,
15 silly registry.get   { server: 'CouchDB/1.5.0 (Erlang OTP/R16B03)',
15 silly registry.get     etag: '"DZ04RZFI0F8I6TZLNH5JSWXKV"',
15 silly registry.get     'content-type': 'application/json',
15 silly registry.get     'cache-control': 'max-age=0',
15 silly registry.get     'content-length': '421',
15 silly registry.get     'accept-ranges': 'bytes',
15 silly registry.get     date: 'Tue, 06 Oct 2015 19:03:08 GMT',
15 silly registry.get     via: '1.1 varnish',
15 silly registry.get     age: '0',
15 silly registry.get     connection: 'keep-alive',
15 silly registry.get     'x-served-by': 'cache-iad2136-IAD',
15 silly registry.get     'x-cache': 'MISS',
15 silly registry.get     'x-cache-hits': '0',
15 silly registry.get     'x-timer': 'S1444158188.839913,VS0,VE65',
15 silly registry.get     vary: 'Accept' } ]
16 info unpublish https://registry.npmjs.org/odyssey-client@1.0.0 not published
17 info unpublish No versions remain, removing entire package
18 verbose request where is /odyssey-client/-rev/2-469f012b0107e5a7b909c14d2e79fb03
19 verbose request registry https://registry.npmjs.org/
20 verbose url raw /odyssey-client/-rev/2-469f012b0107e5a7b909c14d2e79fb03
21 verbose url resolving [ 'https://registry.npmjs.org/',
21 verbose url resolving   './odyssey-client/-rev/2-469f012b0107e5a7b909c14d2e79fb03' ]
22 verbose url resolved https://registry.npmjs.org/odyssey-client/-rev/2-469f012b0107e5a7b909c14d2e79fb03
23 verbose request where is https://registry.npmjs.org/odyssey-client/-rev/2-469f012b0107e5a7b909c14d2e79fb03
24 info trying registry request attempt 1 at 13:03:08
25 http DELETE https://registry.npmjs.org/odyssey-client/-rev/2-469f012b0107e5a7b909c14d2e79fb03
26 http 403 https://registry.npmjs.org/odyssey-client/-rev/2-469f012b0107e5a7b909c14d2e79fb03
27 verbose headers { 'content-type': 'application/json',
27 verbose headers   'cache-control': 'max-age=60',
27 verbose headers   'content-length': '106',
27 verbose headers   'accept-ranges': 'bytes',
27 verbose headers   date: 'Tue, 06 Oct 2015 19:03:10 GMT',
27 verbose headers   via: '1.1 varnish',
27 verbose headers   connection: 'keep-alive',
27 verbose headers   'x-served-by': 'cache-iad2136-IAD',
27 verbose headers   'x-cache': 'MISS',
27 verbose headers   'x-cache-hits': '0',
27 verbose headers   'x-timer': 'S1444158189.203606,VS0,VE903' }
28 error Error: You do not have permission to publish 'odyssey-client'. Are you logged in as the correct user? : odyssey-client/-rev/2-469f012b0107e5a7b909c14d2e79fb03
28 error     at RegClient.<anonymous> (C:\Program Files (x86)\nodejs\node_modules\npm\node_modules\npm-registry-client\lib\request.js:308:14)
28 error     at Request._callback (C:\Program Files (x86)\nodejs\node_modules\npm\node_modules\npm-registry-client\lib\request.js:246:65)
28 error     at Request.self.callback (C:\Program Files (x86)\nodejs\node_modules\npm\node_modules\request\request.js:236:22)
28 error     at Request.emit (events.js:98:17)
28 error     at Request.<anonymous> (C:\Program Files (x86)\nodejs\node_modules\npm\node_modules\request\request.js:1142:14)
28 error     at Request.emit (events.js:117:20)
28 error     at IncomingMessage.<anonymous> (C:\Program Files (x86)\nodejs\node_modules\npm\node_modules\request\request.js:1096:12)
28 error     at IncomingMessage.emit (events.js:117:20)
28 error     at _stream_readable.js:944:16
28 error     at process._tickCallback (node.js:442:13)
29 error If you need help, you may report this *entire* log,
29 error including the npm and node versions, at:
29 error     <http://github.com/npm/npm/issues>
30 error System Windows_NT 6.2.9200
31 error command "C:\\Program Files (x86)\\nodejs\\\\node.exe" "C:\\Program Files (x86)\\nodejs\\node_modules\\npm\\bin\\npm-cli.js" "unpublish" "odyssey-client@1.0.0"
32 error cwd C:\Users\Shagy\Desktop\NodeWebkitApps\Odyssey-Client
33 error node -v v0.10.35
34 error npm -v 1.4.28
35 verbose exit [ 1, true ]
